Build started 2014-09-28 18:20:31.
     1>Project "D:\Arcade3D\Arcade3D\Arcade3D.vcxproj" on node 2 (build target(s)).
     1>InitializeBuildStatus:
         Touching "Debug\Arcade3D.unsuccessfulbuild".
       ClCompile:
         C:\Program Files\Microsoft Visual Studio 10.0\VC\bin\CL.exe /c /ZI /nologo /W3 /WX- /Od /Oy- /D WIN32 /D _DEBUG /D _CONSOLE /D _UNICODE /D UNICODE /Gm /EHsc /RTC1 /MTd /GS /fp:precise /Zc:wchar_t /Zc:forScope /Fo"Debug\\" /Fd"Debug\vc100.pdb" /Gd /TP /analyze- /errorReport:prompt artge.cpp main.cpp text.cpp
         artge.cpp
     1>d:\arcade3d\arcade3d\artge.cpp(1238): warning C4101: 'T2P1' : unreferenced local variable
     1>d:\arcade3d\arcade3d\artge.cpp(1229): warning C4101: 'T1P2' : unreferenced local variable
     1>d:\arcade3d\arcade3d\artge.cpp(1223): warning C4101: 'dxl' : unreferenced local variable
     1>d:\arcade3d\arcade3d\artge.cpp(1225): warning C4101: 'y' : unreferenced local variable
     1>d:\arcade3d\arcade3d\artge.cpp(1228): warning C4101: 'T1P1' : unreferenced local variable
     1>d:\arcade3d\arcade3d\artge.cpp(1240): warning C4101: 'T2P3' : unreferenced local variable
     1>d:\arcade3d\arcade3d\artge.cpp(1239): warning C4101: 'T2P2' : unreferenced local variable
     1>d:\arcade3d\arcade3d\artge.cpp(1223): warning C4101: 'xl' : unreferenced local variable
     1>d:\arcade3d\arcade3d\artge.cpp(1222): warning C4101: 'xr' : unreferenced local variable
     1>d:\arcade3d\arcade3d\artge.cpp(1230): warning C4101: 'T1P3' : unreferenced local variable
     1>d:\arcade3d\arcade3d\artge.cpp(1227): warning C4101: 'delta' : unreferenced local variable
     1>d:\arcade3d\arcade3d\artge.cpp(1222): warning C4101: 'dxr' : unreferenced local variable
         Generating Code...
     1>d:\arcade3d\arcade3d\artge.cpp(1268): warning C4700: uninitialized local variable 'y2' used
     1>d:\arcade3d\arcade3d\artge.cpp(1268): warning C4700: uninitialized local variable 'y3' used
     1>d:\arcade3d\arcade3d\artge.cpp(1268): warning C4700: uninitialized local variable 'y1' used
     1>d:\arcade3d\arcade3d\artge.cpp(1274): warning C4700: uninitialized local variable 'x1' used
     1>d:\arcade3d\arcade3d\artge.cpp(1274): warning C4700: uninitialized local variable 'x2' used
     1>d:\arcade3d\arcade3d\artge.cpp(1274): warning C4700: uninitialized local variable 'x3' used
         Compiling...
         text.cpp
     1>d:\arcade3d\arcade3d\text.cpp(11): warning C4309: '=' : truncation of constant value
     1>d:\arcade3d\arcade3d\text.cpp(12): warning C4309: '=' : truncation of constant value
     1>d:\arcade3d\arcade3d\text.cpp(13): warning C4309: '=' : truncation of constant value
         main.cpp
         Generating Code...
       ManifestResourceCompile:
         C:\Program Files\Microsoft SDKs\Windows\v7.0A\bin\rc.exe /nologo /fo"Debug\Arcade3D.exe.embed.manifest.res" Debug\Arcade3D_manifest.rc 
       Link:
         C:\Program Files\Microsoft Visual Studio 10.0\VC\bin\link.exe /ERRORREPORT:PROMPT /OUT:"D:\Arcade3D\Debug\Arcade3D.exe" /INCREMENTAL /NOLOGO SDL.lib SDLmain.lib kernel32.lib user32.lib gdi32.lib winspool.lib comdlg32.lib advapi32.lib shell32.lib ole32.lib oleaut32.lib uuid.lib odbc32.lib odbccp32.lib /MANIFEST /ManifestFile:"Debug\Arcade3D.exe.intermediate.manifest" /MANIFESTUAC:"level='asInvoker' uiAccess='false'" /DEBUG /PDB:"D:\Arcade3D\Debug\Arcade3D.pdb" /SUBSYSTEM:CONSOLE /TLBID:1 /DYNAMICBASE /NXCOMPAT /IMPLIB:"D:\Arcade3D\Debug\Arcade3D.lib" /MACHINE:X86 Debug\Arcade3D.exe.embed.manifest.res
         Debug\artge.obj
         Debug\camera.obj
         Debug\main.obj
         Debug\math.obj
         Debug\mesh.obj
         Debug\object.obj
         Debug\scene.obj
         Debug\text.obj
       Manifest:
         C:\Program Files\Microsoft SDKs\Windows\v7.0A\bin\mt.exe /nologo /verbose /out:"Debug\Arcade3D.exe.embed.manifest" /manifest Debug\Arcade3D.exe.intermediate.manifest
         C:\Program Files\Microsoft SDKs\Windows\v7.0A\bin\rc.exe /nologo /fo"Debug\Arcade3D.exe.embed.manifest.res" Debug\Arcade3D_manifest.rc 
       LinkEmbedManifest:
         C:\Program Files\Microsoft Visual Studio 10.0\VC\bin\link.exe /ERRORREPORT:PROMPT /OUT:"D:\Arcade3D\Debug\Arcade3D.exe" /INCREMENTAL /NOLOGO SDL.lib SDLmain.lib kernel32.lib user32.lib gdi32.lib winspool.lib comdlg32.lib advapi32.lib shell32.lib ole32.lib oleaut32.lib uuid.lib odbc32.lib odbccp32.lib /MANIFEST /ManifestFile:"Debug\Arcade3D.exe.intermediate.manifest" /MANIFESTUAC:"level='asInvoker' uiAccess='false'" /DEBUG /PDB:"D:\Arcade3D\Debug\Arcade3D.pdb" /SUBSYSTEM:CONSOLE /TLBID:1 /DYNAMICBASE /NXCOMPAT /IMPLIB:"D:\Arcade3D\Debug\Arcade3D.lib" /MACHINE:X86 Debug\Arcade3D.exe.embed.manifest.res
         Debug\artge.obj
         Debug\camera.obj
         Debug\main.obj
         Debug\math.obj
         Debug\mesh.obj
         Debug\object.obj
         Debug\scene.obj
         Debug\text.obj
         Arcade3D.vcxproj -> D:\Arcade3D\Debug\Arcade3D.exe
       FinalizeBuildStatus:
         Deleting file "Debug\Arcade3D.unsuccessfulbuild".
         Touching "Debug\Arcade3D.lastbuildstate".
     1>Done Building Project "D:\Arcade3D\Arcade3D\Arcade3D.vcxproj" (build target(s)).

Build succeeded.

Time Elapsed 00:00:06.60
